# JRE version: OpenJDK Runtime Environment (11.0.12+7) (build 11.0.12+7-b1504.28-7817840)
# Java VM: OpenJDK 64-Bit Server VM (11.0.12+7-b1504.28-7817840, mixed mode, tiered, compressed oops, g1 gc, windows-amd64)
Heap:
 garbage-first heap   total 194560K, used 140463K [0x0000000080000000, 0x0000000100000000)
  region size 1024K, 67 young (68608K), 8 survivors (8192K)
 Metaspace       used 87386K, capacity 89770K, committed 90060K, reserved 1128448K
  class space    used 11044K, capacity 11878K, committed 11980K, reserved 1048576K
GC Heap History (20 events):
Event: 6.009 GC heap before
{Heap before GC invocations=6 (full 0):
 garbage-first heap   total 194560K, used 128681K [0x0000000080000000, 0x0000000100000000)
  region size 1024K, 107 young (109568K), 6 survivors (6144K)
 Metaspace       used 43470K, capacity 44492K, committed 44620K, reserved 1087488K
  class space    used 5556K, capacity 5928K, committed 5964K, reserved 1048576K
}
Event: 6.021 GC heap after
{Heap after GC invocations=7 (full 0):
 garbage-first heap   total 194560K, used 28267K [0x0000000080000000, 0x0000000100000000)
  region size 1024K, 12 young (12288K), 12 survivors (12288K)
 Metaspace       used 43470K, capacity 44492K, committed 44620K, reserved 1087488K
  class space    used 5556K, capacity 5928K, committed 5964K, reserved 1048576K
}
Event: 7.939 GC heap before
{Heap before GC invocations=7 (full 0):
 garbage-first heap   total 194560K, used 136811K [0x0000000080000000, 0x0000000100000000)
  region size 1024K, 114 young (116736K), 12 survivors (12288K)
 Metaspace       used 51337K, capacity 52822K, committed 52940K, reserved 1095680K
  class space    used 6540K, capacity 7023K, committed 7116K, reserved 1048576K
}
Event: 7.953 GC heap after
{Heap after GC invocations=8 (full 0):
 garbage-first heap   total 194560K, used 42793K [0x0000000080000000, 0x0000000100000000)
  region size 1024K, 15 young (15360K), 15 survivors (15360K)
 Metaspace       used 51337K, capacity 52822K, committed 52940K, reserved 1095680K
  class space    used 6540K, capacity 7023K, committed 7116K, reserved 1048576K
}
Event: 8.945 GC heap before
{Heap before GC invocations=8 (full 0):
 garbage-first heap   total 194560K, used 86825K [0x0000000080000000, 0x0000000100000000)
  region size 1024K, 59 young (60416K), 15 survivors (15360K)
 Metaspace       used 58613K, capacity 60123K, committed 60236K, reserved 1101824K
  class space    used 7417K, capacity 7942K, committed 8012K, reserved 1048576K
}
Event: 8.971 GC heap after
{Heap after GC invocations=9 (full 0):
 garbage-first heap   total 194560K, used 46047K [0x0000000080000000, 0x0000000100000000)
  region size 1024K, 3 young (3072K), 3 survivors (3072K)
 Metaspace       used 58613K, capacity 60123K, committed 60236K, reserved 1101824K
  class space    used 7417K, capacity 7942K, committed 8012K, reserved 1048576K
}
Event: 10.068 GC heap before
{Heap before GC invocations=10 (full 0):
 garbage-first heap   total 194560K, used 121823K [0x0000000080000000, 0x0000000100000000)
  region size 1024K, 77 young (78848K), 3 survivors (3072K)
 Metaspace       used 64354K, capacity 66074K, committed 66124K, reserved 1105920K
  class space    used 8156K, capacity 8760K, committed 8780K, reserved 1048576K
}
Event: 10.077 GC heap after
{Heap after GC invocations=11 (full 0):
 garbage-first heap   total 194560K, used 51748K [0x0000000080000000, 0x0000000100000000)
  region size 1024K, 9 young (9216K), 9 survivors (9216K)
 Metaspace       used 64354K, capacity 66074K, committed 66124K, reserved 1105920K
  class space    used 8156K, capacity 8760K, committed 8780K, reserved 1048576K
}
Event: 11.584 GC heap before
{Heap before GC invocations=11 (full 0):
 garbage-first heap   total 194560K, used 128548K [0x0000000080000000, 0x0000000100000000)
  region size 1024K, 84 young (86016K), 9 survivors (9216K)
 Metaspace       used 71726K, capacity 73505K, committed 73676K, reserved 1114112K
  class space    used 9285K, capacity 9898K, committed 9932K, reserved 1048576K
}
Event: 11.595 GC heap after
{Heap after GC invocations=12 (full 0):
 garbage-first heap   total 194560K, used 56992K [0x0000000080000000, 0x0000000100000000)
  region size 1024K, 6 young (6144K), 6 survivors (6144K)
 Metaspace       used 71726K, capacity 73505K, committed 73676K, reserved 1114112K
  class space    used 9285K, capacity 9898K, committed 9932K, reserved 1048576K
}
Event: 13.070 GC heap before
{Heap before GC invocations=12 (full 0):
 garbage-first heap   total 194560K, used 133792K [0x0000000080000000, 0x0000000100000000)
  region size 1024K, 82 young (83968K), 6 survivors (6144K)
 Metaspace       used 80293K, capacity 82249K, committed 82508K, reserved 1120256K
  class space    used 10387K, capacity 11049K, committed 11084K, reserved 1048576K
}
Event: 13.082 GC heap after
{Heap after GC invocations=13 (full 0):
 garbage-first heap   total 194560K, used 63986K [0x0000000080000000, 0x0000000100000000)
  region size 1024K, 11 young (11264K), 11 survivors (11264K)
 Metaspace       used 80293K, capacity 82249K, committed 82508K, reserved 1120256K
  class space    used 10387K, capacity 11049K, committed 11084K, reserved 1048576K
}
Event: 14.626 GC heap before
{Heap before GC invocations=13 (full 0):
 garbage-first heap   total 194560K, used 139762K [0x0000000080000000, 0x0000000100000000)
  region size 1024K, 86 young (88064K), 11 survivors (11264K)
 Metaspace       used 82243K, capacity 84544K, committed 84684K, reserved 1122304K
  class space    used 10630K, capacity 11452K, committed 11468K, reserved 1048576K
}
Event: 14.643 GC heap after
{Heap after GC invocations=14 (full 0):
 garbage-first heap   total 194560K, used 69992K [0x0000000080000000, 0x0000000100000000)
  region size 1024K, 6 young (6144K), 6 survivors (6144K)
 Metaspace       used 82243K, capacity 84544K, committed 84684K, reserved 1122304K
  class space    used 10630K, capacity 11452K, committed 11468K, reserved 1048576K
}
Event: 15.714 GC heap before
{Heap before GC invocations=14 (full 0):
 garbage-first heap   total 194560K, used 144744K [0x0000000080000000, 0x0000000100000000)
  region size 1024K, 80 young (81920K), 6 survivors (6144K)
 Metaspace       used 83027K, capacity 85310K, committed 85580K, reserved 1124352K
  class space    used 10686K, capacity 11513K, committed 11596K, reserved 1048576K
}
Event: 15.724 GC heap after
{Heap after GC invocations=15 (full 0):
 garbage-first heap   total 194560K, used 75223K [0x0000000080000000, 0x0000000100000000)
  region size 1024K, 6 young (6144K), 6 survivors (6144K)
 Metaspace       used 83027K, capacity 85310K, committed 85580K, reserved 1124352K
  class space    used 10686K, capacity 11513K, committed 11596K, reserved 1048576K
}
Event: 16.432 GC heap before
{Heap before GC invocations=15 (full 0):
 garbage-first heap   total 194560K, used 148951K [0x0000000080000000, 0x0000000100000000)
  region size 1024K, 79 young (80896K), 6 survivors (6144K)
 Metaspace       used 83312K, capacity 85646K, committed 85836K, reserved 1124352K
  class space    used 10719K, capacity 11532K, committed 11596K, reserved 1048576K
}
Event: 16.444 GC heap after
{Heap after GC invocations=16 (full 0):
 garbage-first heap   total 194560K, used 78763K [0x0000000080000000, 0x0000000100000000)
  region size 1024K, 9 young (9216K), 9 survivors (9216K)
 Metaspace       used 83312K, capacity 85646K, committed 85836K, reserved 1124352K
  class space    used 10719K, capacity 11532K, committed 11596K, reserved 1048576K
}
Event: 17.242 GC heap before
{Heap before GC invocations=16 (full 0):
 garbage-first heap   total 194560K, used 152491K [0x0000000080000000, 0x0000000100000000)
  region size 1024K, 82 young (83968K), 9 survivors (9216K)
 Metaspace       used 83381K, capacity 85723K, committed 85836K, reserved 1124352K
  class space    used 10722K, capacity 11534K, committed 11596K, reserved 1048576K
}
Event: 17.253 GC heap after
{Heap after GC invocations=17 (full 0):
 garbage-first heap   total 194560K, used 82095K [0x0000000080000000, 0x0000000100000000)
  region size 1024K, 8 young (8192K), 8 survivors (8192K)
 Metaspace       used 83381K, capacity 85723K, committed 85836K, reserved 1124352K
  class space    used 10722K, capacity 11534K, committed 11596K, reserved 1048576K
}

